# JRE version: OpenJDK Runtime Environment AdoptOpenJDK (11.0.8+10) (build 11.0.8+10)
# Java VM: OpenJDK 64-Bit Server VM AdoptOpenJDK (11.0.8+10, mixed mode, tiered, compressed oops, g1 gc, windows-amd64)
Heap:
 garbage-first heap   total 8192K, used 2019K [0x0000000082800000, 0x0000000100000000)
  region size 1024K, 2 young (2048K), 1 survivors (1024K)
 Metaspace       used 12473K, capacity 12739K, committed 13056K, reserved 1073152K
  class space    used 1339K, capacity 1423K, committed 1536K, reserved 1048576K
GC Heap History (8 events):
Event: 0.217 GC heap before
{Heap before GC invocations=0 (full 0):
 garbage-first heap   total 8192K, used 3072K [0x0000000082800000, 0x0000000100000000)
  region size 1024K, 3 young (3072K), 0 survivors (0K)
 Metaspace       used 8552K, capacity 8759K, committed 8960K, reserved 1056768K
  class space    used 824K, capacity 903K, committed 1024K, reserved 1048576K
}
Event: 0.220 GC heap after
{Heap after GC invocations=1 (full 0):
 garbage-first heap   total 8192K, used 1127K [0x0000000082800000, 0x0000000100000000)
  region size 1024K, 1 young (1024K), 1 survivors (1024K)
 Metaspace       used 8552K, capacity 8759K, committed 8960K, reserved 1056768K
  class space    used 824K, capacity 903K, committed 1024K, reserved 1048576K
}
Event: 0.262 GC heap before
{Heap before GC invocations=1 (full 0):
 garbage-first heap   total 8192K, used 2151K [0x0000000082800000, 0x0000000100000000)
  region size 1024K, 2 young (2048K), 1 survivors (1024K)
 Metaspace       used 9849K, capacity 10051K, committed 10112K, reserved 1058816K
  class space    used 1037K, capacity 1099K, committed 1152K, reserved 1048576K
}
Event: 0.265 GC heap after
{Heap after GC invocations=2 (full 0):
 garbage-first heap   total 8192K, used 1661K [0x0000000082800000, 0x0000000100000000)
  region size 1024K, 1 young (1024K), 1 survivors (1024K)
 Metaspace       used 9849K, capacity 10051K, committed 10112K, reserved 1058816K
  class space    used 1037K, capacity 1099K, committed 1152K, reserved 1048576K
}
Event: 0.337 GC heap before
{Heap before GC invocations=2 (full 0):
 garbage-first heap   total 8192K, used 2685K [0x0000000082800000, 0x0000000100000000)
  region size 1024K, 2 young (2048K), 1 survivors (1024K)
 Metaspace       used 11542K, capacity 11746K, committed 11904K, reserved 1060864K
  class space    used 1214K, capacity 1282K, committed 1408K, reserved 1048576K
}
Event: 0.338 GC heap after
{Heap after GC invocations=3 (full 0):
 garbage-first heap   total 8192K, used 1983K [0x0000000082800000, 0x0000000100000000)
  region size 1024K, 1 young (1024K), 1 survivors (1024K)
 Metaspace       used 11542K, capacity 11746K, committed 11904K, reserved 1060864K
  class space    used 1214K, capacity 1282K, committed 1408K, reserved 1048576K
}
Event: 0.343 GC heap before
{Heap before GC invocations=3 (full 0):
 garbage-first heap   total 8192K, used 1983K [0x0000000082800000, 0x0000000100000000)
  region size 1024K, 2 young (2048K), 1 survivors (1024K)
 Metaspace       used 11628K, capacity 11776K, committed 11904K, reserved 1067008K
  class space    used 1228K, capacity 1294K, committed 1408K, reserved 1048576K
}
Event: 0.344 GC heap after
{Heap after GC invocations=4 (full 0):
 garbage-first heap   total 8192K, used 2019K [0x0000000082800000, 0x0000000100000000)
  region size 1024K, 1 young (1024K), 1 survivors (1024K)
 Metaspace       used 11628K, capacity 11776K, committed 11904K, reserved 1067008K
  class space    used 1228K, capacity 1294K, committed 1408K, reserved 1048576K
}

